[00:29:40] [ServerMain/INFO]: [bootstrap] Running Java 21 (OpenJDK 64-Bit Server VM 21.0.10+7-Ubuntu-124.04; Ubuntu null) on Linux 6.8.0-1044-azure (amd64)
[00:29:40] [ServerMain/INFO]: [bootstrap] Loading Paper 1.21.5-114-ver/1.21.5@a1b3058 (2025-06-18T10:59:02Z) for Minecraft 1.21.5
[00:29:41] [ServerMain/INFO]: [PluginInitializerManager] Initializing plugins...
[00:29:41] [ServerMain/INFO]: [PluginInitializerManager] Initialized 0 plugins
[00:29:46] [ServerMain/INFO]: Environment: Environment[sessionHost=https://sessionserver.mojang.com, servicesHost=https://api.minecraftservices.com, name=PROD]
[00:29:47] [Worker-Main-1/WARN]: Found loot table element validation problem in {minecraft:loot_table/minecraft:entities/player}.pools[1].entries[0]: Unknown loot table called player_heads:entities/player
[00:29:47] [Worker-Main-1/WARN]: Found loot table element validation problem in {minecraft:loot_table/minecraft:entities/shulker}.pools[2].entries[0]: Unknown loot table called more_mob_heads:entities/shulker
[00:29:48] [ServerMain/INFO]: Loaded 1431 recipes
[00:29:48] [ServerMain/INFO]: Loaded 1702 advancements
[00:29:49] [Server thread/INFO]: Starting minecraft server version 1.21.5
[00:29:49] [Server thread/INFO]: Loading properties
[00:29:49] [Server thread/INFO]: This server is running Paper version 1.21.5-114-ver/1.21.5@a1b3058 (2025-06-18T10:59:02Z) (Implementing API version 1.21.5-R0.1-SNAPSHOT)
[00:29:49] [Server thread/INFO]: [spark] This server bundles the spark profiler. For more information please visit https://docs.papermc.io/paper/profiling
[00:29:49] [Server thread/INFO]: Server Ping Player Sample Count: 12
[00:29:49] [Server thread/INFO]: Using 4 threads for Netty based IO
[00:29:50] [Server thread/INFO]: [MoonriseCommon] Paper is using 1 worker threads, 1 I/O threads
[00:29:50] [Server thread/INFO]: [ChunkTaskScheduler] Chunk system is using population gen parallelism: true
[00:29:50] [Server thread/INFO]: Default game type: SURVIVAL
[00:29:50] [Server thread/INFO]: Generating keypair
[00:29:50] [Server thread/INFO]: Starting Minecraft server on *:25565
[00:29:50] [Server thread/INFO]: Using epoll channel type
[00:29:50] [Server thread/INFO]: Paper: Using libdeflate (Linux x86_64) compression from Velocity.
[00:29:50] [Server thread/INFO]: Paper: Using OpenSSL 3.x.x (Linux x86_64) cipher from Velocity.
[00:29:50] [Server thread/INFO]: Server permissions file permissions.yml is empty, ignoring it
[00:29:50] [Server thread/WARN]: **** SERVER IS RUNNING IN OFFLINE/INSECURE MODE!
[00:29:50] [Server thread/WARN]: The server will make no attempt to authenticate usernames. Beware.
[00:29:50] [Server thread/WARN]: While this makes the game possible to play without internet access, it also opens up the ability for hackers to connect with any username they choose.
[00:29:50] [Server thread/WARN]: To change this, set "online-mode" to "true" in the server.properties file.
[00:29:50] [Server thread/INFO]: Preparing level "world"
[00:29:51] [Server thread/INFO]: Preparing start region for dimension minecraft:overworld
[00:29:51] [Server thread/INFO]: Preparing spawn area: 0%
[00:29:52] [Server thread/INFO]: Preparing spawn area: 2%
[00:29:52] [Server thread/INFO]: Preparing spawn area: 8%
[00:29:52] [Server thread/INFO]: Time elapsed: 1191 ms
[00:29:52] [Server thread/INFO]: Preparing start region for dimension minecraft:the_nether
[00:29:52] [Server thread/INFO]: Preparing spawn area: 0%
[00:29:52] [Server thread/INFO]: Time elapsed: 307 ms
[00:29:52] [Server thread/INFO]: Preparing start region for dimension minecraft:the_end
[00:29:53] [Server thread/INFO]: Preparing spawn area: 0%
[00:29:53] [Server thread/INFO]: Time elapsed: 113 ms
[00:29:53] [Server thread/INFO]: [spark] Starting background profiler...
[00:29:53] [Server thread/INFO]: Done preparing level "world" (2.686s)
[00:29:53] [Server thread/INFO]: Running delayed init tasks
[00:29:53] [Server thread/INFO]: Done (13.913s)! For help, type "help"
[00:30:10] [User Authenticator #0/INFO]: UUID of player JPOLKO is e49ea68c-6b63-36aa-b865-48ca087b01e5
[00:30:12] [Server thread/INFO]: JPOLKO joined the game
[00:30:12] [Server thread/INFO]: JPOLKO[/127.192.12.116:60163] logged in with entity id 91 at ([world]257.72382113667504, 76.56904711312373, 636.9348648125481)
[00:32:53] [User Authenticator #1/INFO]: UUID of player Santiago_396 is 56f60926-f8be-3273-9f56-0f91d608ba5e
[00:32:54] [Server thread/INFO]: Santiago_396 joined the game
[00:32:54] [Server thread/INFO]: Santiago_396[/127.58.168.92:39945] logged in with entity id 2325 at ([world]280.0839624267805, 79.9375, 658.6370991433969)
[00:46:51] [Server thread/INFO]: Villager Villager['Fletcher'/412, uuid='074d8a52-ce9b-464b-ba72-2059364487df', l='ServerLevel[world]', x=221.52, y=63.00, z=317.60, cpos=[13, 19], tl=8973, v=true] died, message: 'Fletcher was slain by Vindicator'
[00:46:54] [Server thread/INFO]: Villager Villager['Villager'/413, uuid='c4c96118-23bf-4ecd-9649-c2c09c10f646', l='ServerLevel[world]', x=225.17, y=63.60, z=320.85, cpos=[14, 20], tl=9032, v=true] died, message: 'Villager was slain by Vindicator'
[00:46:57] [Server thread/INFO]: Villager Villager['Fletcher'/410, uuid='ab2860ac-790c-4990-a53b-e984a195ec25', l='ServerLevel[world]', x=224.69, y=63.56, z=322.54, cpos=[14, 20], tl=9092, v=true] died, message: 'Fletcher was slain by Vindicator'
[00:46:58] [Server thread/INFO]: Villager Villager['Fletcher'/407, uuid='f8925025-9002-4e89-b979-51f8e701a1db', l='ServerLevel[world]', x=224.41, y=64.00, z=317.34, cpos=[14, 19], tl=9109, v=true] died, message: 'Fletcher was slain by Vindicator'
[00:47:01] [Server thread/INFO]: Villager Villager['Fletcher'/411, uuid='5cf37844-d458-4113-9249-5be3f5a53bf2', l='ServerLevel[world]', x=224.51, y=63.56, z=321.61, cpos=[14, 20], tl=9169, v=true] died, message: 'Fletcher was slain by Vindicator'
[00:48:50] [Server thread/INFO]: JPOLKO issued server command: /gamemode spectator
[00:48:50] [Server thread/INFO]: [JPOLKO: Set own game mode to Spectator Mode]
[00:49:02] [Server thread/INFO]: JPOLKO issued server command: /gamemode survival
[00:49:02] [Server thread/INFO]: [JPOLKO: Set own game mode to Survival Mode]
[00:56:04] [Server thread/INFO]: JPOLKO issued server command: /gamemode spectator
[00:56:04] [Server thread/INFO]: [JPOLKO: Set own game mode to Spectator Mode]
[00:56:13] [Server thread/WARN]: Santiago_396 moved wrongly!
[00:57:07] [Server thread/INFO]: Santiago_396 issued server command: /gamemode spectator
[00:57:07] [Server thread/INFO]: [Santiago_396: Set own game mode to Spectator Mode]
[00:57:16] [Server thread/INFO]: Santiago_396 issued server command: /gamemode survival
[00:57:16] [Server thread/INFO]: [Santiago_396: Set own game mode to Survival Mode]
[00:57:40] [Server thread/INFO]: JPOLKO issued server command: /gamemode survival
[00:57:40] [Server thread/INFO]: [JPOLKO: Set own game mode to Survival Mode]
[01:17:57] [Server thread/INFO]: Santiago_396 has made the advancement [Eye Spy]
[01:17:57] [Server thread/INFO]: JPOLKO has made the advancement [Eye Spy]
[01:19:20] [Server thread/INFO]: JPOLKO has made the advancement [The End?]
[01:19:21] [Server thread/INFO]: Santiago_396 has made the advancement [The End?]
[01:19:22] [Server thread/INFO]: Scanning for legacy world dragon fight...
[01:19:22] [Server thread/INFO]: Found that the dragon has not yet been killed in this world.
[01:26:38] [Server thread/INFO]: JPOLKO has made the advancement [Free the End]
[01:26:38] [Server thread/INFO]: Santiago_396 has made the advancement [Free the End]
[01:26:40] [Server thread/INFO]: JPOLKO has reached the goal [The Next Generation]
[01:26:47] [Server thread/INFO]: Santiago_396 has reached the goal [Sky's the Limit]
[01:27:25] [Server thread/INFO]: Santiago_396 has reached the goal [The Next Generation]
[01:34:43] [Server thread/INFO]: JPOLKO issued server command: /gamemode spectator
[01:34:43] [Server thread/INFO]: [JPOLKO: Set own game mode to Spectator Mode]
[01:34:59] [Server thread/INFO]: JPOLKO issued server command: /gamemode survival
[01:34:59] [Server thread/INFO]: [JPOLKO: Set own game mode to Survival Mode]
[01:35:26] [Async Chat Thread - #1/INFO]: [Not Secure] <JPOLKO> -95 80 1601
[01:36:56] [Server thread/INFO]: JPOLKO has reached the goal [Sky's the Limit]
[01:37:42] [Server thread/INFO]: Santiago_396 has made the advancement [Remote Getaway]
[01:38:05] [Server thread/INFO]: JPOLKO has made the advancement [Remote Getaway]
[01:40:11] [Async Chat Thread - #3/INFO]: [Not Secure] <Santiago_396> -3000 -1000
[01:40:34] [Server thread/INFO]: Santiago_396 issued server command: /seed
[01:40:53] [Server thread/INFO]: JPOLKO issued server command: /seed
[01:41:27] [Async Chat Thread - #4/INFO]: [Not Secure] <Santiago_396> -3500 -1250
[01:41:57] [Async Chat Thread - #4/INFO]: [Not Secure] <Santiago_396> -3170 -230
[01:42:21] [Server thread/INFO]: JPOLKO has made the advancement [The City at the End of the Game]
[01:43:06] [Async Chat Thread - #6/INFO]: [Not Secure] <Santiago_396> -3170 -230
[01:43:55] [Server thread/WARN]: JPOLKO moved wrongly!
[01:45:34] [Async Chat Thread - #8/INFO]: [Not Secure] <Santiago_396> -/1700 /220
[01:45:53] [Async Chat Thread - #8/INFO]: [Not Secure] <Santiago_396> -1700 -220
[01:48:06] [Server thread/INFO]: Santiago_396 has made the advancement [The City at the End of the Game]
[01:52:19] [Async Chat Thread - #10/INFO]: [Not Secure] <Santiago_396> -2550 -250
[01:52:23] [Async Chat Thread - #10/INFO]: [Not Secure] <Santiago_396> -550
[02:01:25] [Server thread/INFO]: Villager Villager['Villager'/54862, uuid='0b5c1289-bde7-405d-a17a-96781a691157', l='ServerLevel[world]', x=878.40, y=-72.90, z=2232.47, cpos=[54, 139], tl=0, v=true] died, message: 'Villager was killed'
[02:01:25] [Server thread/INFO]: Villager Villager['Villager'/54863, uuid='4e49521f-3b70-47d0-a6ba-d68316e455a7', l='ServerLevel[world]', x=878.40, y=-72.90, z=2232.47, cpos=[54, 139], tl=0, v=true] died, message: 'Villager was killed'
[02:02:00] [Paper Common Worker #0/WARN]: Empty or non-existent pool: minecraft:
[02:02:00] [Paper Common Worker #0/WARN]: Empty or non-existent pool: siscu:village/infected_city/cherry
[02:02:00] [Paper Common Worker #0/WARN]: Empty or non-existent pool: minecraft:
[02:02:00] [Paper Common Worker #0/WARN]: Empty or non-existent pool: minecraft:
[02:02:00] [Paper Common Worker #0/WARN]: Empty or non-existent pool: siscu:village/infected_city/corner_apartment
[02:02:00] [Paper Common Worker #0/WARN]: Empty or non-existent pool: siscu:village/infected_city/corner_apartment
[02:02:00] [Paper Common Worker #0/WARN]: Empty or non-existent pool: minecraft:
[02:02:00] [Paper Common Worker #0/WARN]: Empty or non-existent pool: siscu:village/infected_city/cherry
[02:02:00] [Paper Common Worker #0/WARN]: Empty or non-existent pool: minecraft:
[02:02:00] [Paper Common Worker #0/WARN]: Empty or non-existent pool: minecraft:
[02:02:00] [Paper Common Worker #0/WARN]: Empty or non-existent pool: minecraft:
[02:02:00] [Paper Common Worker #0/WARN]: Empty or non-existent pool: minecraft:
[02:05:08] [Async Chat Thread - #12/INFO]: [Not Secure] <Santiago_396> -95 80 1601
[02:06:22] [Paper Common Worker #0/WARN]: Empty or non-existent pool: minecraft:
[02:06:22] [Paper Common Worker #0/WARN]: Empty or non-existent pool: minecraft:
[02:06:38] [Paper Common Worker #0/WARN]: Empty or non-existent pool: minecraft:bastion/crevice/piglins
[02:06:38] [Paper Common Worker #0/WARN]: Empty or non-existent pool: siscu:bastion/crevice/base2
[02:06:38] [Paper Common Worker #0/WARN]: Empty or non-existent pool: minecraft:bastion/crevice/piglins
[02:06:38] [Paper Common Worker #0/WARN]: Empty or non-existent pool: minecraft:bastion/crevice/piglins
[02:06:38] [Paper Common Worker #0/WARN]: Empty or non-existent pool: siscu:bastion/crevice/base2
[02:06:38] [Paper Common Worker #0/WARN]: Empty or non-existent pool: minecraft:bastion/crevice/piglins
[02:06:38] [Paper Common Worker #0/WARN]: Empty or non-existent pool: minecraft:bastion/crevice/piglins
[02:06:38] [Paper Common Worker #0/WARN]: Empty or non-existent pool: minecraft:bastion/crevice/piglins
[02:06:38] [Paper Common Worker #0/WARN]: Empty or non-existent pool: siscu:bastion/crevice/base2
[02:06:38] [Paper Common Worker #0/WARN]: Empty or non-existent pool: siscu:bastion/crevice/base2
[02:06:38] [Paper Common Worker #0/WARN]: Empty or non-existent pool: minecraft:bastion/crevice/piglins
[02:06:38] [Paper Common Worker #0/WARN]: Empty or non-existent pool: minecraft:bastion/crevice/piglins
[02:12:22] [Paper Common Worker #0/WARN]: Empty or non-existent pool: siscu:bastion/crevice/base2
[02:12:22] [Paper Common Worker #0/WARN]: Empty or non-existent pool: minecraft:bastion/crevice/piglins
[02:12:22] [Paper Common Worker #0/WARN]: Empty or non-existent pool: minecraft:bastion/crevice/piglins
[02:12:22] [Paper Common Worker #0/WARN]: Empty or non-existent pool: minecraft:bastion/crevice/piglins
[02:12:22] [Paper Common Worker #0/WARN]: Empty or non-existent pool: minecraft:bastion/crevice/piglins
[02:12:22] [Paper Common Worker #0/WARN]: Empty or non-existent pool: siscu:bastion/crevice/base2
[02:13:12] [Paper Common Worker #0/WARN]: Empty or non-existent pool: minecraft:
[02:13:12] [Paper Common Worker #0/WARN]: Empty or non-existent pool: minecraft:
[02:13:35] [Paper Common Worker #0/ERROR]: Block-attached entity at invalid position: BlockPos{x=-35, y=135, z=25}
[02:13:35] [Paper Common Worker #0/ERROR]: Block-attached entity at invalid position: BlockPos{x=-36, y=135, z=20}
[02:13:35] [Paper Common Worker #0/ERROR]: Block-attached entity at invalid position: BlockPos{x=-38, y=130, z=21}
[02:13:35] [Paper Common Worker #0/ERROR]: Block-attached entity at invalid position: BlockPos{x=-39, y=99, z=22}
[02:13:35] [Paper Common Worker #0/ERROR]: Block-attached entity at invalid position: BlockPos{x=78, y=113, z=-131}
[02:13:35] [Paper Common Worker #0/ERROR]: Block-attached entity at invalid position: BlockPos{x=79, y=113, z=-131}
[02:13:35] [Paper Common Worker #0/ERROR]: Block-attached entity at invalid position: BlockPos{x=78, y=114, z=-133}
[02:13:35] [Paper Common Worker #0/ERROR]: Block-attached entity at invalid position: BlockPos{x=80, y=113, z=-131}
[02:13:35] [Paper Common Worker #0/ERROR]: Block-attached entity at invalid position: BlockPos{x=80, y=114, z=-133}
[02:13:35] [Paper Common Worker #0/ERROR]: Block-attached entity at invalid position: BlockPos{x=81, y=114, z=-128}
[02:13:35] [Paper Common Worker #0/ERROR]: Block-attached entity at invalid position: BlockPos{x=78, y=113, z=-131}
[02:13:35] [Paper Common Worker #0/ERROR]: Block-attached entity at invalid position: BlockPos{x=79, y=113, z=-131}
[02:13:35] [Paper Common Worker #0/ERROR]: Block-attached entity at invalid position: BlockPos{x=78, y=114, z=-133}
[02:13:35] [Paper Common Worker #0/ERROR]: Block-attached entity at invalid position: BlockPos{x=80, y=113, z=-131}
[02:13:35] [Paper Common Worker #0/ERROR]: Block-attached entity at invalid position: BlockPos{x=80, y=114, z=-133}
[02:13:35] [Paper Common Worker #0/ERROR]: Block-attached entity at invalid position: BlockPos{x=81, y=114, z=-128}
[02:13:35] [Paper Common Worker #0/ERROR]: Block-attached entity at invalid position: BlockPos{x=-35, y=99, z=25}
[02:13:35] [Paper Common Worker #0/ERROR]: Block-attached entity at invalid position: BlockPos{x=81, y=114, z=-128}
[02:13:35] [Paper Common Worker #0/ERROR]: Block-attached entity at invalid position: BlockPos{x=81, y=114, z=-128}
[02:13:35] [Paper Common Worker #0/ERROR]: Block-attached entity at invalid position: BlockPos{x=-35, y=135, z=25}
[02:13:35] [Paper Common Worker #0/ERROR]: Block-attached entity at invalid position: BlockPos{x=-36, y=135, z=20}
[02:13:35] [Paper Common Worker #0/ERROR]: Block-attached entity at invalid position: BlockPos{x=-38, y=130, z=21}
[02:13:35] [Paper Common Worker #0/ERROR]: Block-attached entity at invalid position: BlockPos{x=-39, y=99, z=22}
[02:13:35] [Paper Common Worker #0/ERROR]: Block-attached entity at invalid position: BlockPos{x=-35, y=99, z=25}
[02:13:35] [Paper Common Worker #0/ERROR]: Block-attached entity at invalid position: BlockPos{x=78, y=113, z=-131}
[02:13:35] [Paper Common Worker #0/ERROR]: Block-attached entity at invalid position: BlockPos{x=79, y=113, z=-131}
[02:13:35] [Paper Common Worker #0/ERROR]: Block-attached entity at invalid position: BlockPos{x=78, y=114, z=-133}
[02:13:35] [Paper Common Worker #0/ERROR]: Block-attached entity at invalid position: BlockPos{x=80, y=113, z=-131}
[02:13:35] [Paper Common Worker #0/ERROR]: Block-attached entity at invalid position: BlockPos{x=80, y=114, z=-133}
[02:13:37] [Paper Common Worker #0/ERROR]: Block-attached entity at invalid position: BlockPos{x=-35, y=109, z=22}
[02:13:37] [Paper Common Worker #0/ERROR]: Block-attached entity at invalid position: BlockPos{x=78, y=113, z=-131}
[02:13:37] [Paper Common Worker #0/ERROR]: Block-attached entity at invalid position: BlockPos{x=79, y=113, z=-131}
[02:13:37] [Paper Common Worker #0/ERROR]: Block-attached entity at invalid position: BlockPos{x=78, y=114, z=-133}
[02:13:37] [Paper Common Worker #0/ERROR]: Block-attached entity at invalid position: BlockPos{x=80, y=113, z=-131}
[02:13:37] [Paper Common Worker #0/ERROR]: Block-attached entity at invalid position: BlockPos{x=80, y=114, z=-133}
[02:13:37] [Paper Common Worker #0/ERROR]: Block-attached entity at invalid position: BlockPos{x=81, y=114, z=-128}
[02:13:37] [Paper Common Worker #0/ERROR]: Block-attached entity at invalid position: BlockPos{x=78, y=113, z=-131}
[02:13:37] [Paper Common Worker #0/ERROR]: Block-attached entity at invalid position: BlockPos{x=79, y=113, z=-131}
[02:13:37] [Paper Common Worker #0/ERROR]: Block-attached entity at invalid position: BlockPos{x=78, y=114, z=-133}
[02:13:37] [Paper Common Worker #0/ERROR]: Block-attached entity at invalid position: BlockPos{x=80, y=113, z=-131}
[02:13:37] [Paper Common Worker #0/ERROR]: Block-attached entity at invalid position: BlockPos{x=80, y=114, z=-133}
[02:13:37] [Paper Common Worker #0/ERROR]: Block-attached entity at invalid position: BlockPos{x=81, y=114, z=-128}
[02:13:37] [Paper Common Worker #0/ERROR]: Block-attached entity at invalid position: BlockPos{x=-39, y=99, z=22}
[02:13:37] [Paper Common Worker #0/ERROR]: Block-attached entity at invalid position: BlockPos{x=-35, y=99, z=25}
[02:13:37] [Paper Common Worker #0/ERROR]: Block-attached entity at invalid position: BlockPos{x=-38, y=130, z=21}
[02:13:37] [Paper Common Worker #0/ERROR]: Block-attached entity at invalid position: BlockPos{x=81, y=114, z=-128}
[02:13:37] [Paper Common Worker #0/ERROR]: Block-attached entity at invalid position: BlockPos{x=-35, y=135, z=25}
[02:13:37] [Paper Common Worker #0/ERROR]: Block-attached entity at invalid position: BlockPos{x=78, y=113, z=-131}
[02:13:37] [Paper Common Worker #0/ERROR]: Block-attached entity at invalid position: BlockPos{x=79, y=113, z=-131}
[02:13:37] [Paper Common Worker #0/ERROR]: Block-attached entity at invalid position: BlockPos{x=78, y=114, z=-133}
[02:13:37] [Paper Common Worker #0/ERROR]: Block-attached entity at invalid position: BlockPos{x=80, y=113, z=-131}
[02:13:37] [Paper Common Worker #0/ERROR]: Block-attached entity at invalid position: BlockPos{x=80, y=114, z=-133}
[02:13:37] [Paper Common Worker #0/ERROR]: Block-attached entity at invalid position: BlockPos{x=81, y=114, z=-128}
[02:13:37] [Paper Common Worker #0/ERROR]: Block-attached entity at invalid position: BlockPos{x=81, y=114, z=-128}
[02:13:37] [Paper Common Worker #0/ERROR]: Block-attached entity at invalid position: BlockPos{x=-39, y=99, z=22}
[02:13:37] [Paper Common Worker #0/ERROR]: Block-attached entity at invalid position: BlockPos{x=78, y=113, z=-131}
[02:13:37] [Paper Common Worker #0/ERROR]: Block-attached entity at invalid position: BlockPos{x=79, y=113, z=-131}
[02:13:37] [Paper Common Worker #0/ERROR]: Block-attached entity at invalid position: BlockPos{x=78, y=114, z=-133}
[02:13:37] [Paper Common Worker #0/ERROR]: Block-attached entity at invalid position: BlockPos{x=80, y=113, z=-131}
[02:13:37] [Paper Common Worker #0/ERROR]: Block-attached entity at invalid position: BlockPos{x=80, y=114, z=-133}
[02:13:37] [Paper Common Worker #0/ERROR]: Block-attached entity at invalid position: BlockPos{x=78, y=113, z=-131}
[02:13:37] [Paper Common Worker #0/ERROR]: Block-attached entity at invalid position: BlockPos{x=79, y=113, z=-131}
[02:13:37] [Paper Common Worker #0/ERROR]: Block-attached entity at invalid position: BlockPos{x=78, y=114, z=-133}
[02:13:37] [Paper Common Worker #0/ERROR]: Block-attached entity at invalid position: BlockPos{x=80, y=113, z=-131}
[02:13:37] [Paper Common Worker #0/ERROR]: Block-attached entity at invalid position: BlockPos{x=80, y=114, z=-133}
[02:13:37] [Paper Common Worker #0/ERROR]: Block-attached entity at invalid position: BlockPos{x=-39, y=90, z=22}
[02:13:37] [Paper Common Worker #0/ERROR]: Block-attached entity at invalid position: BlockPos{x=-36, y=135, z=20}
[02:13:37] [Paper Common Worker #0/ERROR]: Block-attached entity at invalid position: BlockPos{x=79, y=113, z=-131}
[02:13:37] [Paper Common Worker #0/ERROR]: Block-attached entity at invalid position: BlockPos{x=80, y=113, z=-131}
[02:13:37] [Paper Common Worker #0/ERROR]: Block-attached entity at invalid position: BlockPos{x=80, y=114, z=-133}
[02:13:37] [Paper Common Worker #0/ERROR]: Block-attached entity at invalid position: BlockPos{x=-35, y=99, z=25}
[02:13:37] [Paper Common Worker #0/ERROR]: Block-attached entity at invalid position: BlockPos{x=-39, y=90, z=22}
[02:13:41] [Paper Common Worker #0/ERROR]: Block-attached entity at invalid position: BlockPos{x=78, y=113, z=-131}
[02:13:41] [Paper Common Worker #0/ERROR]: Block-attached entity at invalid position: BlockPos{x=79, y=113, z=-131}
[02:13:41] [Paper Common Worker #0/ERROR]: Block-attached entity at invalid position: BlockPos{x=78, y=114, z=-133}
[02:13:41] [Paper Common Worker #0/ERROR]: Block-attached entity at invalid position: BlockPos{x=80, y=113, z=-131}
[02:13:41] [Paper Common Worker #0/ERROR]: Block-attached entity at invalid position: BlockPos{x=80, y=114, z=-133}
[02:13:41] [Paper Common Worker #0/ERROR]: Block-attached entity at invalid position: BlockPos{x=81, y=114, z=-128}
[02:13:41] [Paper Common Worker #0/ERROR]: Block-attached entity at invalid position: BlockPos{x=-36, y=135, z=20}
[02:13:41] [Paper Common Worker #0/ERROR]: Block-attached entity at invalid position: BlockPos{x=-38, y=130, z=21}
[02:13:41] [Paper Common Worker #0/ERROR]: Block-attached entity at invalid position: BlockPos{x=-38, y=130, z=21}
[02:13:41] [Paper Common Worker #0/ERROR]: Block-attached entity at invalid position: BlockPos{x=-35, y=135, z=25}
[02:13:41] [Paper Common Worker #0/ERROR]: Block-attached entity at invalid position: BlockPos{x=-35, y=109, z=22}
[02:13:42] [Paper Common Worker #0/ERROR]: Block-attached entity at invalid position: BlockPos{x=-35, y=109, z=22}
[02:13:42] [Paper Common Worker #0/ERROR]: Block-attached entity at invalid position: BlockPos{x=-38, y=130, z=21}
[02:13:42] [Paper Common Worker #0/ERROR]: Block-attached entity at invalid position: BlockPos{x=78, y=113, z=-131}
[02:13:42] [Paper Common Worker #0/ERROR]: Block-attached entity at invalid position: BlockPos{x=79, y=113, z=-131}
[02:13:42] [Paper Common Worker #0/ERROR]: Block-attached entity at invalid position: BlockPos{x=78, y=114, z=-133}
[02:13:42] [Paper Common Worker #0/ERROR]: Block-attached entity at invalid position: BlockPos{x=80, y=113, z=-131}
[02:13:42] [Paper Common Worker #0/ERROR]: Block-attached entity at invalid position: BlockPos{x=80, y=114, z=-133}
[02:13:42] [Paper Common Worker #0/ERROR]: Block-attached entity at invalid position: BlockPos{x=81, y=114, z=-128}
[02:13:42] [Paper Common Worker #0/ERROR]: Block-attached entity at invalid position: BlockPos{x=78, y=113, z=-131}
[02:13:42] [Paper Common Worker #0/ERROR]: Block-attached entity at invalid position: BlockPos{x=78, y=114, z=-133}
[02:13:45] [Paper Common Worker #0/WARN]: Empty or non-existent pool: siscu:bastion/crevice/base2
[02:13:45] [Paper Common Worker #0/WARN]: Empty or non-existent pool: minecraft:bastion/crevice/piglins
[02:13:45] [Paper Common Worker #0/WARN]: Empty or non-existent pool: minecraft:bastion/crevice/piglins
[02:13:45] [Paper Common Worker #0/WARN]: Empty or non-existent pool: siscu:bastion/crevice/base2
[02:13:45] [Paper Common Worker #0/WARN]: Empty or non-existent pool: minecraft:bastion/crevice/piglins
[02:13:45] [Paper Common Worker #0/WARN]: Empty or non-existent pool: minecraft:bastion/crevice/piglins
[02:15:07] [Paper Common Worker #0/ERROR]: Block-attached entity at invalid position: BlockPos{x=-38, y=130, z=21}
[02:15:07] [Paper Common Worker #0/ERROR]: Block-attached entity at invalid position: BlockPos{x=-39, y=90, z=22}
[02:15:07] [Paper Common Worker #0/ERROR]: Block-attached entity at invalid position: BlockPos{x=-35, y=99, z=25}
[02:15:07] [Paper Common Worker #0/ERROR]: Block-attached entity at invalid position: BlockPos{x=-38, y=130, z=21}
[02:15:07] [Paper Common Worker #0/ERROR]: Block-attached entity at invalid position: BlockPos{x=-39, y=99, z=22}
[02:15:07] [Paper Common Worker #0/ERROR]: Block-attached entity at invalid position: BlockPos{x=-39, y=90, z=22}
[02:15:10] [Paper Common Worker #0/ERROR]: Block-attached entity at invalid position: BlockPos{x=-39, y=90, z=22}
[02:15:10] [Paper Common Worker #0/ERROR]: Block-attached entity at invalid position: BlockPos{x=-39, y=90, z=22}
[02:15:10] [Paper Common Worker #0/ERROR]: Block-attached entity at invalid position: BlockPos{x=-35, y=109, z=22}
[02:15:10] [Paper Common Worker #0/ERROR]: Block-attached entity at invalid position: BlockPos{x=-39, y=99, z=22}
[02:15:10] [Paper Common Worker #0/ERROR]: Block-attached entity at invalid position: BlockPos{x=-35, y=99, z=25}
[02:15:10] [Paper Common Worker #0/ERROR]: Block-attached entity at invalid position: BlockPos{x=-35, y=109, z=22}
[02:15:10] [Paper Common Worker #0/ERROR]: Block-attached entity at invalid position: BlockPos{x=-35, y=109, z=22}
[02:15:13] [Paper Common Worker #0/ERROR]: Block-attached entity at invalid position: BlockPos{x=-35, y=135, z=25}
[02:15:13] [Paper Common Worker #0/ERROR]: Block-attached entity at invalid position: BlockPos{x=-35, y=135, z=25}
[02:15:26] [Paper Common Worker #0/ERROR]: Block-attached entity at invalid position: BlockPos{x=-38, y=130, z=21}
[02:15:26] [Paper Common Worker #0/ERROR]: Block-attached entity at invalid position: BlockPos{x=-39, y=90, z=22}
[02:15:26] [Paper Common Worker #0/ERROR]: Block-attached entity at invalid position: BlockPos{x=-39, y=99, z=22}
[02:15:26] [Paper Common Worker #0/ERROR]: Block-attached entity at invalid position: BlockPos{x=-35, y=99, z=25}
[02:15:26] [Paper Common Worker #0/ERROR]: Block-attached entity at invalid position: BlockPos{x=-39, y=90, z=22}
[02:15:26] [Paper Common Worker #0/ERROR]: Block-attached entity at invalid position: BlockPos{x=-39, y=90, z=22}
[02:15:26] [Paper Common Worker #0/ERROR]: Block-attached entity at invalid position: BlockPos{x=78, y=113, z=-131}
[02:15:26] [Paper Common Worker #0/ERROR]: Block-attached entity at invalid position: BlockPos{x=79, y=113, z=-131}
[02:15:26] [Paper Common Worker #0/ERROR]: Block-attached entity at invalid position: BlockPos{x=78, y=114, z=-133}
[02:15:26] [Paper Common Worker #0/ERROR]: Block-attached entity at invalid position: BlockPos{x=80, y=113, z=-131}
[02:15:26] [Paper Common Worker #0/ERROR]: Block-attached entity at invalid position: BlockPos{x=80, y=114, z=-133}
[02:15:26] [Paper Common Worker #0/ERROR]: Block-attached entity at invalid position: BlockPos{x=81, y=114, z=-128}
[02:15:26] [Paper Common Worker #0/ERROR]: Block-attached entity at invalid position: BlockPos{x=-38, y=130, z=21}
[02:15:26] [Paper Common Worker #0/ERROR]: Block-attached entity at invalid position: BlockPos{x=-36, y=135, z=20}
[02:15:26] [Paper Common Worker #0/ERROR]: Block-attached entity at invalid position: BlockPos{x=-36, y=135, z=20}
[02:15:26] [Paper Common Worker #0/ERROR]: Block-attached entity at invalid position: BlockPos{x=-39, y=99, z=22}
[02:15:26] [Paper Common Worker #0/ERROR]: Block-attached entity at invalid position: BlockPos{x=-35, y=99, z=25}
[02:15:26] [Paper Common Worker #0/ERROR]: Block-attached entity at invalid position: BlockPos{x=-38, y=130, z=21}
[02:15:26] [Paper Common Worker #0/ERROR]: Block-attached entity at invalid position: BlockPos{x=-35, y=109, z=22}
[02:15:26] [Paper Common Worker #0/ERROR]: Block-attached entity at invalid position: BlockPos{x=-38, y=130, z=21}
[02:15:26] [Paper Common Worker #0/ERROR]: Block-attached entity at invalid position: BlockPos{x=-35, y=135, z=25}
[02:15:26] [Paper Common Worker #0/ERROR]: Block-attached entity at invalid position: BlockPos{x=-36, y=135, z=20}
[02:15:52] [Async Chat Thread - #14/INFO]: [Not Secure] <Santiago_396> -95 80 1601
[02:17:37] [Async Chat Thread - #16/INFO]: [Not Secure] <Santiago_396> 25 75
[02:17:50] [Async Chat Thread - #16/INFO]: [Not Secure] <Santiago_396> y=71
[02:17:55] [Server thread/INFO]: JPOLKO issued server command: /gamemode spectator
[02:17:55] [Server thread/INFO]: [JPOLKO: Set own game mode to Spectator Mode]
[02:18:01] [Server thread/INFO]: JPOLKO issued server command: /gamemode survival
[02:18:01] [Server thread/INFO]: [JPOLKO: Set own game mode to Survival Mode]
